<?xml version="1.0" encoding="UTF-8"?>
<!-- Generated by org.testng.reporters.JUnitReportReporter -->
<testsuite hostname="KM-AMIRDI-7420" failures="0" tests="2" name="org.example.AppTest" time="0.013" errors="0" timestamp="2024-02-23T14:28:34 EET" skipped="0">
  <testcase classname="org.example.AppTest" name="addmeTest" time="0.013"/>
  <system-out/>
  <testcase classname="org.example.AppTest" name="subtractmeTets" time="0.000"/>
  <system-out/>
</testsuite> <!-- org.example.AppTest -->
